Running Sphinx v2.1.0
loading translations [en]... done
loading pickled environment... failed
failed: 'str' object has no attribute '__dict__'
building [mo]: targets for 0 po files that are out of date
building [html]: targets for 2 source files that are out of date
updating environment: 2 added, 0 changed, 0 removed
reading sources... [ 50%] index
reading sources... [100%] pykinsol

looking for now-outdated files... none found
pickling environment... done
checking consistency... done
preparing documents... done
writing output... [ 50%] index
writing output... [100%] pykinsol

generating indices... genindex py-modindex
highlighting module code... [ 50%] pykinsol
highlighting module code... [100%] pykinsol.core

writing additional pages... search
copying static files... done
copying extra files... done
dumping search index in English (code: en) ... done
dumping object inventory... done
build succeeded, 1 warning.

The HTML pages are in _build/html.
